INFO:     Will watch for changes in these directories: ['/Users/winstonyang/Desktop/Coding/Hackathons/Singhacks/apps/backend']
INFO:     Uvicorn running on http://0.0.0.0:8000 (Press CTRL+C to quit)
INFO:     Started reloader process [74085] using WatchFiles
INFO:     Started server process [74088]
INFO:     Waiting for application startup.
INFO:     Application startup complete.
⚠️  Database connection failed (will retry on first request): (psycopg2.OperationalError) connection to server at "aws-1-ap-southeast-1.pooler.supabase.com" (13.2
   Server will continue - chat will work without persistence
🚀 ConvoTravelInsure v1.0.0 started
INFO:     127.0.0.1:50559 - "POST /api/v1/auth/register HTTP/1.1" 500 Internal Server Error
ERROR:    Exception in ASGI application
Traceback (most recent call last):
  File "/Users/winstonyang/Desktop/Coding/Hackathons/Singhacks/apps/backend/venv/lib/python3.13/site-packages/sqlalchemy/engine/base.py", line 143, in __init__
    self._dbapi_connection = engine.raw_connection()
                             ~~~~~~~~~~~~~~~~~~~~~^^
  File "/Users/winstonyang/Desktop/Coding/Hackathons/Singhacks/apps/backend/venv/lib/python3.13/site-packages/sqlalchemy/engine/base.py", line 3301, in raw_connection
    return self.pool.connect()
           ~~~~~~~~~~~~~~~~~^^
  File "/Users/winstonyang/Desktop/Coding/Hackathons/Singhacks/apps/backend/venv/lib/python3.13/site-packages/sqlalchemy/pool/base.py", line 447, in connect
    return _ConnectionFairy._checkout(self)
           ~~~~~~~~~~~~~~~~~~~~~~~~~~^^^^^^
  File "/Users/winstonyang/Desktop/Coding/Hackathons/Singhacks/apps/backend/venv/lib/python3.13/site-packages/sqlalchemy/pool/base.py", line 1264, in _checkout
    fairy = _ConnectionRecord.checkout(pool)
  File "/Users/winstonyang/Desktop/Coding/Hackathons/Singhacks/apps/backend/venv/lib/python3.13/site-packages/sqlalchemy/pool/base.py", line 711, in checkout
    rec = pool._do_get()
  File "/Users/winstonyang/Desktop/Coding/Hackathons/Singhacks/apps/backend/venv/lib/python3.13/site-packages/sqlalchemy/pool/impl.py", line 177, in _do_get
    with util.safe_reraise():
         ~~~~~~~~~~~~~~~~~^^
  File "/Users/winstonyang/Desktop/Coding/Hackathons/Singhacks/apps/backend/venv/lib/python3.13/site-packages/sqlalchemy/util/langhelpers.py", line 224, in __exit__
    raise exc_value.with_traceback(exc_tb)
  File "/Users/winstonyang/Desktop/Coding/Hackathons/Singhacks/apps/backend/venv/lib/python3.13/site-packages/sqlalchemy/pool/impl.py", line 175, in _do_get
    return self._create_connection()
           ~~~~~~~~~~~~~~~~~~~~~~~^^
  File "/Users/winstonyang/Desktop/Coding/Hackathons/Singhacks/apps/backend/venv/lib/python3.13/site-packages/sqlalchemy/pool/base.py", line 388, in _create_connection
    return _ConnectionRecord(self)
  File "/Users/winstonyang/Desktop/Coding/Hackathons/Singhacks/apps/backend/venv/lib/python3.13/site-packages/sqlalchemy/pool/base.py", line 673, in __init__
    self.__connect()
    ~~~~~~~~~~~~~~^^
  File "/Users/winstonyang/Desktop/Coding/Hackathons/Singhacks/apps/backend/venv/lib/python3.13/site-packages/sqlalchemy/pool/base.py", line 899, in __connect
    with util.safe_reraise():
         ~~~~~~~~~~~~~~~~~^^
  File "/Users/winstonyang/Desktop/Coding/Hackathons/Singhacks/apps/backend/venv/lib/python3.13/site-packages/sqlalchemy/util/langhelpers.py", line 224, in __exit__
    raise exc_value.with_traceback(exc_tb)
  File "/Users/winstonyang/Desktop/Coding/Hackathons/Singhacks/apps/backend/venv/lib/python3.13/site-packages/sqlalchemy/pool/base.py", line 895, in __connect
    self.dbapi_connection = connection = pool._invoke_creator(self)
                                         ~~~~~~~~~~~~~~~~~~~~^^^^^^
  File "/Users/winstonyang/Desktop/Coding/Hackathons/Singhacks/apps/backend/venv/lib/python3.13/site-packages/sqlalchemy/engine/create.py", line 661, in connect
    return dialect.connect(*cargs, **cparams)
           ~~~~~~~~~~~~~~~^^^^^^^^^^^^^^^^^^^
  File "/Users/winstonyang/Desktop/Coding/Hackathons/Singhacks/apps/backend/venv/lib/python3.13/site-packages/sqlalchemy/engine/default.py", line 629, in connect
    return self.loaded_dbapi.connect(*cargs, **cparams)  # type: ignore[no-any-return]  # NOQA: E501
           ~~~~~~~~~~~~~~~~~~~~~~~~~^^^^^^^^^^^^^^^^^^^
  File "/Users/winstonyang/Desktop/Coding/Hackathons/Singhacks/apps/backend/venv/lib/python3.13/site-packages/psycopg2/__init__.py", line 122, in connect
    conn = _connect(dsn, connection_factory=connection_factory, **kwasync)
psycopg2.OperationalError: connection to server at "aws-1-ap-southeast-1.pooler.supabase.com" (13.213.241.248), port 5432 failed: SSL connection has been closed unexpectedly


The above exception was the direct cause of the following exception:

Traceback (most recent call last):
  File "/Users/winstonyang/Desktop/Coding/Hackathons/Singhacks/apps/backend/venv/lib/python3.13/site-packages/uvicorn/protocols/http/httptools_impl.py", line 426, in run_asgi
    result = await app(  # type: ignore[func-returns-value]
             ^^^^^^^^^^^^^^^^^^^^^^^^^^^^^^^^^^^^^^^^^^^^^^
        self.scope, self.receive, self.send
        ^^^^^^^^^^^^^^^^^^^^^^^^^^^^^^^^^^^
    )
    ^
  File "/Users/winstonyang/Desktop/Coding/Hackathons/Singhacks/apps/backend/venv/lib/python3.13/site-packages/uvicorn/middleware/proxy_headers.py", line 84, in __call__
    return await self.app(scope, receive, send)
           ^^^^^^^^^^^^^^^^^^^^^^^^^^^^^^^^^^^^
  File "/Users/winstonyang/Desktop/Coding/Hackathons/Singhacks/apps/backend/venv/lib/python3.13/site-packages/fastapi/applications.py", line 1106, in __call__
    await super().__call__(scope, receive, send)
  File "/Users/winstonyang/Desktop/Coding/Hackathons/Singhacks/apps/backend/venv/lib/python3.13/site-packages/starlette/applications.py", line 122, in __call__
    await self.middleware_stack(scope, receive, send)
  File "/Users/winstonyang/Desktop/Coding/Hackathons/Singhacks/apps/backend/venv/lib/python3.13/site-packages/starlette/middleware/errors.py", line 184, in __call__
    raise exc
  File "/Users/winstonyang/Desktop/Coding/Hackathons/Singhacks/apps/backend/venv/lib/python3.13/site-packages/starlette/middleware/errors.py", line 162, in __call__
    await self.app(scope, receive, _send)
  File "/Users/winstonyang/Desktop/Coding/Hackathons/Singhacks/apps/backend/venv/lib/python3.13/site-packages/starlette/middleware/cors.py", line 83, in __call__
    await self.app(scope, receive, send)
  File "/Users/winstonyang/Desktop/Coding/Hackathons/Singhacks/apps/backend/venv/lib/python3.13/site-packages/starlette/middleware/exceptions.py", line 79, in __call__
    raise exc
  File "/Users/winstonyang/Desktop/Coding/Hackathons/Singhacks/apps/backend/venv/lib/python3.13/site-packages/starlette/middleware/exceptions.py", line 68, in __call__
    await self.app(scope, receive, sender)
  File "/Users/winstonyang/Desktop/Coding/Hackathons/Singhacks/apps/backend/venv/lib/python3.13/site-packages/fastapi/middleware/asyncexitstack.py", line 20, in __call__
    raise e
  File "/Users/winstonyang/Desktop/Coding/Hackathons/Singhacks/apps/backend/venv/lib/python3.13/site-packages/fastapi/middleware/asyncexitstack.py", line 17, in __call__
    await self.app(scope, receive, send)
  File "/Users/winstonyang/Desktop/Coding/Hackathons/Singhacks/apps/backend/venv/lib/python3.13/site-packages/starlette/routing.py", line 718, in __call__
    await route.handle(scope, receive, send)
  File "/Users/winstonyang/Desktop/Coding/Hackathons/Singhacks/apps/backend/venv/lib/python3.13/site-packages/starlette/routing.py", line 276, in handle
    await self.app(scope, receive, send)
  File "/Users/winstonyang/Desktop/Coding/Hackathons/Singhacks/apps/backend/venv/lib/python3.13/site-packages/starlette/routing.py", line 66, in app
    response = await func(request)
               ^^^^^^^^^^^^^^^^^^^
  File "/Users/winstonyang/Desktop/Coding/Hackathons/Singhacks/apps/backend/venv/lib/python3.13/site-packages/fastapi/routing.py", line 274, in app
    raw_response = await run_endpoint_function(
                   ^^^^^^^^^^^^^^^^^^^^^^^^^^^^
        dependant=dependant, values=values, is_coroutine=is_coroutine
        ^^^^^^^^^^^^^^^^^^^^^^^^^^^^^^^^^^^^^^^^^^^^^^^^^^^^^^^^^^^^^
    )
    ^
  File "/Users/winstonyang/Desktop/Coding/Hackathons/Singhacks/apps/backend/venv/lib/python3.13/site-packages/fastapi/routing.py", line 191, in run_endpoint_function
    return await dependant.call(**values)
           ^^^^^^^^^^^^^^^^^^^^^^^^^^^^^^
  File "/Users/winstonyang/Desktop/Coding/Hackathons/Singhacks/apps/backend/app/routers/auth.py", line 44, in register
    existing_user = db.query(User).filter(User.email == user_data.email).first()
  File "/Users/winstonyang/Desktop/Coding/Hackathons/Singhacks/apps/backend/venv/lib/python3.13/site-packages/sqlalchemy/orm/query.py", line 2759, in first
    return self.limit(1)._iter().first()  # type: ignore
           ~~~~~~~~~~~~~~~~~~~^^
  File "/Users/winstonyang/Desktop/Coding/Hackathons/Singhacks/apps/backend/venv/lib/python3.13/site-packages/sqlalchemy/orm/query.py", line 2857, in _iter
    result: Union[ScalarResult[_T], Result[_T]] = self.session.execute(
                                                  ~~~~~~~~~~~~~~~~~~~~^
        statement,
        ^^^^^^^^^^
        params,
        ^^^^^^^
        execution_options={"_sa_orm_load_options": self.load_options},
        ^^^^^^^^^^^^^^^^^^^^^^^^^^^^^^^^^^^^^^^^^^^^^^^^^^^^^^^^^^^^^^
    )
    ^
  File "/Users/winstonyang/Desktop/Coding/Hackathons/Singhacks/apps/backend/venv/lib/python3.13/site-packages/sqlalchemy/orm/session.py", line 2351, in execute
    return self._execute_internal(
           ~~~~~~~~~~~~~~~~~~~~~~^
        statement,
        ^^^^^^^^^^
    ...<4 lines>...
        _add_event=_add_event,
        ^^^^^^^^^^^^^^^^^^^^^^
    )
    ^
  File "/Users/winstonyang/Desktop/Coding/Hackathons/Singhacks/apps/backend/venv/lib/python3.13/site-packages/sqlalchemy/orm/session.py", line 2239, in _execute_internal
    conn = self._connection_for_bind(bind)
  File "/Users/winstonyang/Desktop/Coding/Hackathons/Singhacks/apps/backend/venv/lib/python3.13/site-packages/sqlalchemy/orm/session.py", line 2108, in _connection_for_bind
    return trans._connection_for_bind(engine, execution_options)
           ~~~~~~~~~~~~~~~~~~~~~~~~~~^^^^^^^^^^^^^^^^^^^^^^^^^^^
  File "<string>", line 2, in _connection_for_bind
  File "/Users/winstonyang/Desktop/Coding/Hackathons/Singhacks/apps/backend/venv/lib/python3.13/site-packages/sqlalchemy/orm/state_changes.py", line 137, in _go
    ret_value = fn(self, *arg, **kw)
  File "/Users/winstonyang/Desktop/Coding/Hackathons/Singhacks/apps/backend/venv/lib/python3.13/site-packages/sqlalchemy/orm/session.py", line 1187, in _connection_for_bind
    conn = bind.connect()
  File "/Users/winstonyang/Desktop/Coding/Hackathons/Singhacks/apps/backend/venv/lib/python3.13/site-packages/sqlalchemy/engine/base.py", line 3277, in connect
    return self._connection_cls(self)
           ~~~~~~~~~~~~~~~~~~~~^^^^^^
  File "/Users/winstonyang/Desktop/Coding/Hackathons/Singhacks/apps/backend/venv/lib/python3.13/site-packages/sqlalchemy/engine/base.py", line 145, in __init__
    Connection._handle_dbapi_exception_noconnection(
    ~~~~~~~~~~~~~~~~~~~~~~~~~~~~~~~~~~~~~~~~~~~~~~~^
        err, dialect, engine
        ^^^^^^^^^^^^^^^^^^^^
    )
    ^
  File "/Users/winstonyang/Desktop/Coding/Hackathons/Singhacks/apps/backend/venv/lib/python3.13/site-packages/sqlalchemy/engine/base.py", line 2440, in _handle_dbapi_exception_noconnection
    raise sqlalchemy_exception.with_traceback(exc_info[2]) from e
  File "/Users/winstonyang/Desktop/Coding/Hackathons/Singhacks/apps/backend/venv/lib/python3.13/site-packages/sqlalchemy/engine/base.py", line 143, in __init__
    self._dbapi_connection = engine.raw_connection()
                             ~~~~~~~~~~~~~~~~~~~~~^^
  File "/Users/winstonyang/Desktop/Coding/Hackathons/Singhacks/apps/backend/venv/lib/python3.13/site-packages/sqlalchemy/engine/base.py", line 3301, in raw_connection
    return self.pool.connect()
           ~~~~~~~~~~~~~~~~~^^
  File "/Users/winstonyang/Desktop/Coding/Hackathons/Singhacks/apps/backend/venv/lib/python3.13/site-packages/sqlalchemy/pool/base.py", line 447, in connect
    return _ConnectionFairy._checkout(self)
           ~~~~~~~~~~~~~~~~~~~~~~~~~~^^^^^^
  File "/Users/winstonyang/Desktop/Coding/Hackathons/Singhacks/apps/backend/venv/lib/python3.13/site-packages/sqlalchemy/pool/base.py", line 1264, in _checkout
    fairy = _ConnectionRecord.checkout(pool)
  File "/Users/winstonyang/Desktop/Coding/Hackathons/Singhacks/apps/backend/venv/lib/python3.13/site-packages/sqlalchemy/pool/base.py", line 711, in checkout
    rec = pool._do_get()
  File "/Users/winstonyang/Desktop/Coding/Hackathons/Singhacks/apps/backend/venv/lib/python3.13/site-packages/sqlalchemy/pool/impl.py", line 177, in _do_get
    with util.safe_reraise():
         ~~~~~~~~~~~~~~~~~^^
  File "/Users/winstonyang/Desktop/Coding/Hackathons/Singhacks/apps/backend/venv/lib/python3.13/site-packages/sqlalchemy/util/langhelpers.py", line 224, in __exit__
    raise exc_value.with_traceback(exc_tb)
  File "/Users/winstonyang/Desktop/Coding/Hackathons/Singhacks/apps/backend/venv/lib/python3.13/site-packages/sqlalchemy/pool/impl.py", line 175, in _do_get
    return self._create_connection()
           ~~~~~~~~~~~~~~~~~~~~~~~^^
  File "/Users/winstonyang/Desktop/Coding/Hackathons/Singhacks/apps/backend/venv/lib/python3.13/site-packages/sqlalchemy/pool/base.py", line 388, in _create_connection
    return _ConnectionRecord(self)
  File "/Users/winstonyang/Desktop/Coding/Hackathons/Singhacks/apps/backend/venv/lib/python3.13/site-packages/sqlalchemy/pool/base.py", line 673, in __init__
    self.__connect()
    ~~~~~~~~~~~~~~^^
  File "/Users/winstonyang/Desktop/Coding/Hackathons/Singhacks/apps/backend/venv/lib/python3.13/site-packages/sqlalchemy/pool/base.py", line 899, in __connect
    with util.safe_reraise():
         ~~~~~~~~~~~~~~~~~^^
  File "/Users/winstonyang/Desktop/Coding/Hackathons/Singhacks/apps/backend/venv/lib/python3.13/site-packages/sqlalchemy/util/langhelpers.py", line 224, in __exit__
    raise exc_value.with_traceback(exc_tb)
  File "/Users/winstonyang/Desktop/Coding/Hackathons/Singhacks/apps/backend/venv/lib/python3.13/site-packages/sqlalchemy/pool/base.py", line 895, in __connect
    self.dbapi_connection = connection = pool._invoke_creator(self)
                                         ~~~~~~~~~~~~~~~~~~~~^^^^^^
  File "/Users/winstonyang/Desktop/Coding/Hackathons/Singhacks/apps/backend/venv/lib/python3.13/site-packages/sqlalchemy/engine/create.py", line 661, in connect
    return dialect.connect(*cargs, **cparams)
           ~~~~~~~~~~~~~~~^^^^^^^^^^^^^^^^^^^
  File "/Users/winstonyang/Desktop/Coding/Hackathons/Singhacks/apps/backend/venv/lib/python3.13/site-packages/sqlalchemy/engine/default.py", line 629, in connect
    return self.loaded_dbapi.connect(*cargs, **cparams)  # type: ignore[no-any-return]  # NOQA: E501
           ~~~~~~~~~~~~~~~~~~~~~~~~~^^^^^^^^^^^^^^^^^^^
  File "/Users/winstonyang/Desktop/Coding/Hackathons/Singhacks/apps/backend/venv/lib/python3.13/site-packages/psycopg2/__init__.py", line 122, in connect
    conn = _connect(dsn, connection_factory=connection_factory, **kwasync)
sqlalchemy.exc.OperationalError: (psycopg2.OperationalError) connection to server at "aws-1-ap-southeast-1.pooler.supabase.com" (13.213.241.248), port 5432 failed: SSL connection has been closed unexpectedly

(Background on this error at: https://sqlalche.me/e/20/e3q8)
INFO:     127.0.0.1:50695 - "OPTIONS /api/v1/auth/register HTTP/1.1" 200 OK
2025-10-28 19:53:52,384 INFO sqlalchemy.engine.Engine select pg_catalog.version()
2025-10-28 19:53:52,384 INFO sqlalchemy.engine.Engine [raw sql] {}
2025-10-28 19:53:52,400 INFO sqlalchemy.engine.Engine select current_schema()
2025-10-28 19:53:52,400 INFO sqlalchemy.engine.Engine [raw sql] {}
2025-10-28 19:53:52,419 INFO sqlalchemy.engine.Engine show standard_conforming_strings
2025-10-28 19:53:52,419 INFO sqlalchemy.engine.Engine [raw sql] {}
2025-10-28 19:53:52,438 INFO sqlalchemy.engine.Engine BEGIN (implicit)
2025-10-28 19:53:52,443 INFO sqlalchemy.engine.Engine SELECT users.id AS users_id, users.email AS users_email, users.name AS users_name, users.hashed_password AS users_hashed_password, users.is_active AS users_is_active, users.is_verified AS users_is_verified, users.created_at AS users_created_at, users.updated_at AS users_updated_at, users.date_of_birth AS users_date_of_birth, users.phone_number AS users_phone_number, users.nationality AS users_nationality, users.passport_number AS users_passport_number, users.country_of_residence AS users_country_of_residence, users.state_province AS users_state_province, users.city AS users_city, users.postal_code AS users_postal_code, users.emergency_contact_name AS users_emergency_contact_name, users.emergency_contact_phone AS users_emergency_contact_phone, users.emergency_contact_relationship AS users_emergency_contact_relationship, users.has_pre_existing_conditions AS users_has_pre_existing_conditions, users.is_frequent_traveler AS users_is_frequent_traveler, users.preferred_coverage_type AS users_preferred_coverage_type, users.is_onboarded AS users_is_onboarded, users.onboarded_at AS users_onboarded_at 
FROM users 
WHERE users.email = %(email_1)s 
 LIMIT %(param_1)s
2025-10-28 19:53:52,443 INFO sqlalchemy.engine.Engine [generated in 0.00013s] {'email_1': 'winstony29@gmail.com', 'param_1': 1}
2025-10-28 19:53:52,687 INFO sqlalchemy.engine.Engine INSERT INTO users (id, email, name, hashed_password, is_active, is_verified, updated_at, date_of_birth, phone_number, nationality, passport_number, country_of_residence, state_province, city, postal_code, emergency_contact_name, emergency_contact_phone, emergency_contact_relationship, has_pre_existing_conditions, is_frequent_traveler, preferred_coverage_type, is_onboarded, onboarded_at) VALUES (%(id)s::UUID, %(email)s, %(name)s, %(hashed_password)s, %(is_active)s, %(is_verified)s, %(updated_at)s, %(date_of_birth)s, %(phone_number)s, %(nationality)s, %(passport_number)s, %(country_of_residence)s, %(state_province)s, %(city)s, %(postal_code)s, %(emergency_contact_name)s, %(emergency_contact_phone)s, %(emergency_contact_relationship)s, %(has_pre_existing_conditions)s, %(is_frequent_traveler)s, %(preferred_coverage_type)s, %(is_onboarded)s, %(onboarded_at)s) RETURNING users.created_at
2025-10-28 19:53:52,687 INFO sqlalchemy.engine.Engine [generated in 0.00017s] {'id': UUID('47ded42d-94fc-4e17-b37b-81fd74353997'), 'email': 'winstony29@gmail.com', 'name': 'Winston', 'hashed_password': '$2b$12$JdI2/HBE2I55ChsKDj0et.2iYuQIOH3i9E2UfFQiXhx0J01BiVpdW', 'is_active': True, 'is_verified': False, 'updated_at': None, 'date_of_birth': None, 'phone_number': None, 'nationality': None, 'passport_number': None, 'country_of_residence': None, 'state_province': None, 'city': None, 'postal_code': None, 'emergency_contact_name': None, 'emergency_contact_phone': None, 'emergency_contact_relationship': None, 'has_pre_existing_conditions': False, 'is_frequent_traveler': False, 'preferred_coverage_type': None, 'is_onboarded': False, 'onboarded_at': None}
2025-10-28 19:53:52,707 INFO sqlalchemy.engine.Engine COMMIT
2025-10-28 19:53:52,724 INFO sqlalchemy.engine.Engine BEGIN (implicit)
2025-10-28 19:53:52,724 INFO sqlalchemy.engine.Engine SELECT users.id, users.email, users.name, users.hashed_password, users.is_active, users.is_verified, users.created_at, users.updated_at, users.date_of_birth, users.phone_number, users.nationality, users.passport_number, users.country_of_residence, users.state_province, users.city, users.postal_code, users.emergency_contact_name, users.emergency_contact_phone, users.emergency_contact_relationship, users.has_pre_existing_conditions, users.is_frequent_traveler, users.preferred_coverage_type, users.is_onboarded, users.onboarded_at 
FROM users 
WHERE users.id = %(pk_1)s::UUID
2025-10-28 19:53:52,724 INFO sqlalchemy.engine.Engine [generated in 0.00004s] {'pk_1': UUID('47ded42d-94fc-4e17-b37b-81fd74353997')}
INFO:     127.0.0.1:50695 - "POST /api/v1/auth/register HTTP/1.1" 200 OK
2025-10-28 19:53:52,744 INFO sqlalchemy.engine.Engine ROLLBACK
INFO:     127.0.0.1:50695 - "OPTIONS /api/v1/auth/login HTTP/1.1" 200 OK
2025-10-28 19:53:52,800 INFO sqlalchemy.engine.Engine BEGIN (implicit)
2025-10-28 19:53:52,800 INFO sqlalchemy.engine.Engine SELECT users.id AS users_id, users.email AS users_email, users.name AS users_name, users.hashed_password AS users_hashed_password, users.is_active AS users_is_active, users.is_verified AS users_is_verified, users.created_at AS users_created_at, users.updated_at AS users_updated_at, users.date_of_birth AS users_date_of_birth, users.phone_number AS users_phone_number, users.nationality AS users_nationality, users.passport_number AS users_passport_number, users.country_of_residence AS users_country_of_residence, users.state_province AS users_state_province, users.city AS users_city, users.postal_code AS users_postal_code, users.emergency_contact_name AS users_emergency_contact_name, users.emergency_contact_phone AS users_emergency_contact_phone, users.emergency_contact_relationship AS users_emergency_contact_relationship, users.has_pre_existing_conditions AS users_has_pre_existing_conditions, users.is_frequent_traveler AS users_is_frequent_traveler, users.preferred_coverage_type AS users_preferred_coverage_type, users.is_onboarded AS users_is_onboarded, users.onboarded_at AS users_onboarded_at 
FROM users 
WHERE users.email = %(email_1)s 
 LIMIT %(param_1)s
2025-10-28 19:53:52,800 INFO sqlalchemy.engine.Engine [cached since 0.3578s ago] {'email_1': 'winstony29@gmail.com', 'param_1': 1}
INFO:     127.0.0.1:50697 - "POST /api/v1/auth/login HTTP/1.1" 200 OK
2025-10-28 19:53:53,007 INFO sqlalchemy.engine.Engine ROLLBACK
INFO:     127.0.0.1:50697 - "OPTIONS /api/v1/auth/me HTTP/1.1" 200 OK
2025-10-28 19:53:53,017 INFO sqlalchemy.engine.Engine BEGIN (implicit)
2025-10-28 19:53:53,017 INFO sqlalchemy.engine.Engine SELECT users.id AS users_id, users.email AS users_email, users.name AS users_name, users.hashed_password AS users_hashed_password, users.is_active AS users_is_active, users.is_verified AS users_is_verified, users.created_at AS users_created_at, users.updated_at AS users_updated_at, users.date_of_birth AS users_date_of_birth, users.phone_number AS users_phone_number, users.nationality AS users_nationality, users.passport_number AS users_passport_number, users.country_of_residence AS users_country_of_residence, users.state_province AS users_state_province, users.city AS users_city, users.postal_code AS users_postal_code, users.emergency_contact_name AS users_emergency_contact_name, users.emergency_contact_phone AS users_emergency_contact_phone, users.emergency_contact_relationship AS users_emergency_contact_relationship, users.has_pre_existing_conditions AS users_has_pre_existing_conditions, users.is_frequent_traveler AS users_is_frequent_traveler, users.preferred_coverage_type AS users_preferred_coverage_type, users.is_onboarded AS users_is_onboarded, users.onboarded_at AS users_onboarded_at 
FROM users 
WHERE users.id = %(id_1)s::UUID 
 LIMIT %(param_1)s
2025-10-28 19:53:53,017 INFO sqlalchemy.engine.Engine [generated in 0.00005s] {'id_1': '47ded42d-94fc-4e17-b37b-81fd74353997', 'param_1': 1}
INFO:     127.0.0.1:50695 - "GET /api/v1/auth/me HTTP/1.1" 200 OK
2025-10-28 19:53:53,031 INFO sqlalchemy.engine.Engine ROLLBACK
INFO:     127.0.0.1:50735 - "OPTIONS /api/v1/auth/onboarding HTTP/1.1" 200 OK
2025-10-28 19:55:09,888 INFO sqlalchemy.engine.Engine BEGIN (implicit)
2025-10-28 19:55:09,889 INFO sqlalchemy.engine.Engine SELECT users.id AS users_id, users.email AS users_email, users.name AS users_name, users.hashed_password AS users_hashed_password, users.is_active AS users_is_active, users.is_verified AS users_is_verified, users.created_at AS users_created_at, users.updated_at AS users_updated_at, users.date_of_birth AS users_date_of_birth, users.phone_number AS users_phone_number, users.nationality AS users_nationality, users.passport_number AS users_passport_number, users.country_of_residence AS users_country_of_residence, users.state_province AS users_state_province, users.city AS users_city, users.postal_code AS users_postal_code, users.emergency_contact_name AS users_emergency_contact_name, users.emergency_contact_phone AS users_emergency_contact_phone, users.emergency_contact_relationship AS users_emergency_contact_relationship, users.has_pre_existing_conditions AS users_has_pre_existing_conditions, users.is_frequent_traveler AS users_is_frequent_traveler, users.preferred_coverage_type AS users_preferred_coverage_type, users.is_onboarded AS users_is_onboarded, users.onboarded_at AS users_onboarded_at 
FROM users 
WHERE users.id = %(id_1)s::UUID 
 LIMIT %(param_1)s
2025-10-28 19:55:09,889 INFO sqlalchemy.engine.Engine [cached since 76.87s ago] {'id_1': '47ded42d-94fc-4e17-b37b-81fd74353997', 'param_1': 1}
2025-10-28 19:55:09,911 INFO sqlalchemy.engine.Engine UPDATE users SET updated_at=now(), date_of_birth=%(date_of_birth)s, phone_number=%(phone_number)s, nationality=%(nationality)s, passport_number=%(passport_number)s, country_of_residence=%(country_of_residence)s, state_province=%(state_province)s, city=%(city)s, postal_code=%(postal_code)s, emergency_contact_name=%(emergency_contact_name)s, emergency_contact_phone=%(emergency_contact_phone)s, emergency_contact_relationship=%(emergency_contact_relationship)s, preferred_coverage_type=%(preferred_coverage_type)s, is_onboarded=%(is_onboarded)s, onboarded_at=%(onboarded_at)s WHERE users.id = %(users_id)s::UUID
2025-10-28 19:55:09,911 INFO sqlalchemy.engine.Engine [generated in 0.00032s] {'date_of_birth': datetime.datetime(2004, 12, 27, 0, 0, tzinfo=TzInfo(0)), 'phone_number': '+65 92343673', 'nationality': 'Singaporean', 'passport_number': 'K3400495G', 'country_of_residence': '', 'state_province': '', 'city': '', 'postal_code': '', 'emergency_contact_name': '', 'emergency_contact_phone': '', 'emergency_contact_relationship': '', 'preferred_coverage_type': 'basic', 'is_onboarded': True, 'onboarded_at': datetime.datetime(2025, 10, 28, 19, 55, 9, 904717), 'users_id': UUID('47ded42d-94fc-4e17-b37b-81fd74353997')}
2025-10-28 19:55:09,934 INFO sqlalchemy.engine.Engine COMMIT
2025-10-28 19:55:09,949 INFO sqlalchemy.engine.Engine BEGIN (implicit)
2025-10-28 19:55:09,950 INFO sqlalchemy.engine.Engine SELECT users.id, users.email, users.name, users.hashed_password, users.is_active, users.is_verified, users.created_at, users.updated_at, users.date_of_birth, users.phone_number, users.nationality, users.passport_number, users.country_of_residence, users.state_province, users.city, users.postal_code, users.emergency_contact_name, users.emergency_contact_phone, users.emergency_contact_relationship, users.has_pre_existing_conditions, users.is_frequent_traveler, users.preferred_coverage_type, users.is_onboarded, users.onboarded_at 
FROM users 
WHERE users.id = %(pk_1)s::UUID
2025-10-28 19:55:09,950 INFO sqlalchemy.engine.Engine [cached since 77.23s ago] {'pk_1': UUID('47ded42d-94fc-4e17-b37b-81fd74353997')}
INFO:     127.0.0.1:50735 - "POST /api/v1/auth/onboarding HTTP/1.1" 200 OK
2025-10-28 19:55:09,966 INFO sqlalchemy.engine.Engine ROLLBACK
2025-10-28 19:55:09,977 INFO sqlalchemy.engine.Engine BEGIN (implicit)
2025-10-28 19:55:09,977 INFO sqlalchemy.engine.Engine SELECT users.id AS users_id, users.email AS users_email, users.name AS users_name, users.hashed_password AS users_hashed_password, users.is_active AS users_is_active, users.is_verified AS users_is_verified, users.created_at AS users_created_at, users.updated_at AS users_updated_at, users.date_of_birth AS users_date_of_birth, users.phone_number AS users_phone_number, users.nationality AS users_nationality, users.passport_number AS users_passport_number, users.country_of_residence AS users_country_of_residence, users.state_province AS users_state_province, users.city AS users_city, users.postal_code AS users_postal_code, users.emergency_contact_name AS users_emergency_contact_name, users.emergency_contact_phone AS users_emergency_contact_phone, users.emergency_contact_relationship AS users_emergency_contact_relationship, users.has_pre_existing_conditions AS users_has_pre_existing_conditions, users.is_frequent_traveler AS users_is_frequent_traveler, users.preferred_coverage_type AS users_preferred_coverage_type, users.is_onboarded AS users_is_onboarded, users.onboarded_at AS users_onboarded_at 
FROM users 
WHERE users.id = %(id_1)s::UUID 
 LIMIT %(param_1)s
2025-10-28 19:55:09,977 INFO sqlalchemy.engine.Engine [cached since 76.96s ago] {'id_1': '47ded42d-94fc-4e17-b37b-81fd74353997', 'param_1': 1}
INFO:     127.0.0.1:50735 - "GET /api/v1/auth/me HTTP/1.1" 200 OK
2025-10-28 19:55:09,993 INFO sqlalchemy.engine.Engine ROLLBACK
2025-10-28 19:55:13,946 INFO sqlalchemy.engine.Engine BEGIN (implicit)
2025-10-28 19:55:13,946 INFO sqlalchemy.engine.Engine SELECT users.id AS users_id, users.email AS users_email, users.name AS users_name, users.hashed_password AS users_hashed_password, users.is_active AS users_is_active, users.is_verified AS users_is_verified, users.created_at AS users_created_at, users.updated_at AS users_updated_at, users.date_of_birth AS users_date_of_birth, users.phone_number AS users_phone_number, users.nationality AS users_nationality, users.passport_number AS users_passport_number, users.country_of_residence AS users_country_of_residence, users.state_province AS users_state_province, users.city AS users_city, users.postal_code AS users_postal_code, users.emergency_contact_name AS users_emergency_contact_name, users.emergency_contact_phone AS users_emergency_contact_phone, users.emergency_contact_relationship AS users_emergency_contact_relationship, users.has_pre_existing_conditions AS users_has_pre_existing_conditions, users.is_frequent_traveler AS users_is_frequent_traveler, users.preferred_coverage_type AS users_preferred_coverage_type, users.is_onboarded AS users_is_onboarded, users.onboarded_at AS users_onboarded_at 
FROM users 
WHERE users.id = %(id_1)s::UUID 
 LIMIT %(param_1)s
2025-10-28 19:55:13,946 INFO sqlalchemy.engine.Engine [cached since 80.93s ago] {'id_1': '47ded42d-94fc-4e17-b37b-81fd74353997', 'param_1': 1}
INFO:     127.0.0.1:50735 - "GET /api/v1/auth/me HTTP/1.1" 200 OK
2025-10-28 19:55:13,961 INFO sqlalchemy.engine.Engine ROLLBACK
WARNING:  WatchFiles detected changes in 'app/core/security.py'. Reloading...
INFO:     Shutting down
INFO:     Waiting for application shutdown.
INFO:     Application shutdown complete.
INFO:     Finished server process [74088]
INFO:     Started server process [75595]
INFO:     Waiting for application startup.
2025-10-28 21:58:42,325 INFO sqlalchemy.engine.Engine select pg_catalog.version()
2025-10-28 21:58:42,325 INFO sqlalchemy.engine.Engine [raw sql] {}
2025-10-28 21:58:42,401 INFO sqlalchemy.engine.Engine select current_schema()
2025-10-28 21:58:42,401 INFO sqlalchemy.engine.Engine [raw sql] {}
2025-10-28 21:58:42,478 INFO sqlalchemy.engine.Engine show standard_conforming_strings
2025-10-28 21:58:42,478 INFO sqlalchemy.engine.Engine [raw sql] {}
2025-10-28 21:58:42,560 INFO sqlalchemy.engine.Engine BEGIN (implicit)
2025-10-28 21:58:42,565 INFO sqlalchemy.engine.Engine SELECT pg_catalog.pg_class.relname 
FROM pg_catalog.pg_class JOIN pg_catalog.pg_namespace ON pg_catalog.pg_namespace.oid = pg_catalog.pg_class.relnamespace 
WHERE pg_catalog.pg_class.relname = %(table_name)s AND pg_catalog.pg_class.relkind = ANY (ARRAY[%(param_1)s, %(param_2)s, %(param_3)s, %(param_4)s, %(param_5)s]) AND pg_catalog.pg_table_is_visible(pg_catalog.pg_class.oid) AND pg_catalog.pg_namespace.nspname != %(nspname_1)s
2025-10-28 21:58:42,565 INFO sqlalchemy.engine.Engine [generated in 0.00027s] {'table_name': 'users', 'param_1': 'r', 'param_2': 'p', 'param_3': 'f', 'param_4': 'v', 'param_5': 'm', 'nspname_1': 'pg_catalog'}
2025-10-28 21:58:42,647 INFO sqlalchemy.engine.Engine SELECT pg_catalog.pg_class.relname 
FROM pg_catalog.pg_class JOIN pg_catalog.pg_namespace ON pg_catalog.pg_namespace.oid = pg_catalog.pg_class.relnamespace 
WHERE pg_catalog.pg_class.relname = %(table_name)s AND pg_catalog.pg_class.relkind = ANY (ARRAY[%(param_1)s, %(param_2)s, %(param_3)s, %(param_4)s, %(param_5)s]) AND pg_catalog.pg_table_is_visible(pg_catalog.pg_class.oid) AND pg_catalog.pg_namespace.nspname != %(nspname_1)s
2025-10-28 21:58:42,647 INFO sqlalchemy.engine.Engine [cached since 0.08279s ago] {'table_name': 'travelers', 'param_1': 'r', 'param_2': 'p', 'param_3': 'f', 'param_4': 'v', 'param_5': 'm', 'nspname_1': 'pg_catalog'}
2025-10-28 21:58:42,680 INFO sqlalchemy.engine.Engine SELECT pg_catalog.pg_class.relname 
FROM pg_catalog.pg_class JOIN pg_catalog.pg_namespace ON pg_catalog.pg_namespace.oid = pg_catalog.pg_class.relnamespace 
WHERE pg_catalog.pg_class.relname = %(table_name)s AND pg_catalog.pg_class.relkind = ANY (ARRAY[%(param_1)s, %(param_2)s, %(param_3)s, %(param_4)s, %(param_5)s]) AND pg_catalog.pg_table_is_visible(pg_catalog.pg_class.oid) AND pg_catalog.pg_namespace.nspname != %(nspname_1)s
2025-10-28 21:58:42,680 INFO sqlalchemy.engine.Engine [cached since 0.1158s ago] {'table_name': 'trips', 'param_1': 'r', 'param_2': 'p', 'param_3': 'f', 'param_4': 'v', 'param_5': 'm', 'nspname_1': 'pg_catalog'}
2025-10-28 21:58:42,720 INFO sqlalchemy.engine.Engine SELECT pg_catalog.pg_class.relname 
FROM pg_catalog.pg_class JOIN pg_catalog.pg_namespace ON pg_catalog.pg_namespace.oid = pg_catalog.pg_class.relnamespace 
WHERE pg_catalog.pg_class.relname = %(table_name)s AND pg_catalog.pg_class.relkind = ANY (ARRAY[%(param_1)s, %(param_2)s, %(param_3)s, %(param_4)s, %(param_5)s]) AND pg_catalog.pg_table_is_visible(pg_catalog.pg_class.oid) AND pg_catalog.pg_namespace.nspname != %(nspname_1)s
2025-10-28 21:58:42,721 INFO sqlalchemy.engine.Engine [cached since 0.1561s ago] {'table_name': 'quotes', 'param_1': 'r', 'param_2': 'p', 'param_3': 'f', 'param_4': 'v', 'param_5': 'm', 'nspname_1': 'pg_catalog'}
2025-10-28 21:58:42,760 INFO sqlalchemy.engine.Engine SELECT pg_catalog.pg_class.relname 
FROM pg_catalog.pg_class JOIN pg_catalog.pg_namespace ON pg_catalog.pg_namespace.oid = pg_catalog.pg_class.relnamespace 
WHERE pg_catalog.pg_class.relname = %(table_name)s AND pg_catalog.pg_class.relkind = ANY (ARRAY[%(param_1)s, %(param_2)s, %(param_3)s, %(param_4)s, %(param_5)s]) AND pg_catalog.pg_table_is_visible(pg_catalog.pg_class.oid) AND pg_catalog.pg_namespace.nspname != %(nspname_1)s
2025-10-28 21:58:42,761 INFO sqlalchemy.engine.Engine [cached since 0.196s ago] {'table_name': 'policies', 'param_1': 'r', 'param_2': 'p', 'param_3': 'f', 'param_4': 'v', 'param_5': 'm', 'nspname_1': 'pg_catalog'}
2025-10-28 21:58:42,806 INFO sqlalchemy.engine.Engine SELECT pg_catalog.pg_class.relname 
FROM pg_catalog.pg_class JOIN pg_catalog.pg_namespace ON pg_catalog.pg_namespace.oid = pg_catalog.pg_class.relnamespace 
WHERE pg_catalog.pg_class.relname = %(table_name)s AND pg_catalog.pg_class.relkind = ANY (ARRAY[%(param_1)s, %(param_2)s, %(param_3)s, %(param_4)s, %(param_5)s]) AND pg_catalog.pg_table_is_visible(pg_catalog.pg_class.oid) AND pg_catalog.pg_namespace.nspname != %(nspname_1)s
2025-10-28 21:58:42,806 INFO sqlalchemy.engine.Engine [cached since 0.2413s ago] {'table_name': 'claims', 'param_1': 'r', 'param_2': 'p', 'param_3': 'f', 'param_4': 'v', 'param_5': 'm', 'nspname_1': 'pg_catalog'}
2025-10-28 21:58:42,847 INFO sqlalchemy.engine.Engine SELECT pg_catalog.pg_class.relname 
FROM pg_catalog.pg_class JOIN pg_catalog.pg_namespace ON pg_catalog.pg_namespace.oid = pg_catalog.pg_class.relnamespace 
WHERE pg_catalog.pg_class.relname = %(table_name)s AND pg_catalog.pg_class.relkind = ANY (ARRAY[%(param_1)s, %(param_2)s, %(param_3)s, %(param_4)s, %(param_5)s]) AND pg_catalog.pg_table_is_visible(pg_catalog.pg_class.oid) AND pg_catalog.pg_namespace.nspname != %(nspname_1)s
2025-10-28 21:58:42,848 INFO sqlalchemy.engine.Engine [cached since 0.283s ago] {'table_name': 'chat_history', 'param_1': 'r', 'param_2': 'p', 'param_3': 'f', 'param_4': 'v', 'param_5': 'm', 'nspname_1': 'pg_catalog'}
2025-10-28 21:58:42,880 INFO sqlalchemy.engine.Engine SELECT pg_catalog.pg_class.relname 
FROM pg_catalog.pg_class JOIN pg_catalog.pg_namespace ON pg_catalog.pg_namespace.oid = pg_catalog.pg_class.relnamespace 
WHERE pg_catalog.pg_class.relname = %(table_name)s AND pg_catalog.pg_class.relkind = ANY (ARRAY[%(param_1)s, %(param_2)s, %(param_3)s, %(param_4)s, %(param_5)s]) AND pg_catalog.pg_table_is_visible(pg_catalog.pg_class.oid) AND pg_catalog.pg_namespace.nspname != %(nspname_1)s
2025-10-28 21:58:42,880 INFO sqlalchemy.engine.Engine [cached since 0.3158s ago] {'table_name': 'audit_log', 'param_1': 'r', 'param_2': 'p', 'param_3': 'f', 'param_4': 'v', 'param_5': 'm', 'nspname_1': 'pg_catalog'}
2025-10-28 21:58:42,920 INFO sqlalchemy.engine.Engine SELECT pg_catalog.pg_class.relname 
FROM pg_catalog.pg_class JOIN pg_catalog.pg_namespace ON pg_catalog.pg_namespace.oid = pg_catalog.pg_class.relnamespace 
WHERE pg_catalog.pg_class.relname = %(table_name)s AND pg_catalog.pg_class.relkind = ANY (ARRAY[%(param_1)s, %(param_2)s, %(param_3)s, %(param_4)s, %(param_5)s]) AND pg_catalog.pg_table_is_visible(pg_catalog.pg_class.oid) AND pg_catalog.pg_namespace.nspname != %(nspname_1)s
2025-10-28 21:58:42,921 INFO sqlalchemy.engine.Engine [cached since 0.3561s ago] {'table_name': 'rag_documents', 'param_1': 'r', 'param_2': 'p', 'param_3': 'f', 'param_4': 'v', 'param_5': 'm', 'nspname_1': 'pg_catalog'}
2025-10-28 21:58:42,967 INFO sqlalchemy.engine.Engine SELECT pg_catalog.pg_type.typname 
FROM pg_catalog.pg_type JOIN pg_catalog.pg_namespace ON pg_catalog.pg_namespace.oid = pg_catalog.pg_type.typnamespace 
WHERE pg_catalog.pg_type.typname = %(typname_1)s AND pg_catalog.pg_type_is_visible(pg_catalog.pg_type.oid) AND pg_catalog.pg_namespace.nspname != %(nspname_1)s
2025-10-28 21:58:42,967 INFO sqlalchemy.engine.Engine [generated in 0.00020s] {'typname_1': 'producttype', 'nspname_1': 'pg_catalog'}
2025-10-28 21:58:43,001 INFO sqlalchemy.engine.Engine SELECT pg_catalog.pg_type.typname 
FROM pg_catalog.pg_type JOIN pg_catalog.pg_namespace ON pg_catalog.pg_namespace.oid = pg_catalog.pg_type.typnamespace 
WHERE pg_catalog.pg_type.typname = %(typname_1)s AND pg_catalog.pg_type_is_visible(pg_catalog.pg_type.oid) AND pg_catalog.pg_namespace.nspname != %(nspname_1)s
2025-10-28 21:58:43,002 INFO sqlalchemy.engine.Engine [cached since 0.03461s ago] {'typname_1': 'quotestatus', 'nspname_1': 'pg_catalog'}
2025-10-28 21:58:43,041 INFO sqlalchemy.engine.Engine SELECT pg_catalog.pg_type.typname 
FROM pg_catalog.pg_type JOIN pg_catalog.pg_namespace ON pg_catalog.pg_namespace.oid = pg_catalog.pg_type.typnamespace 
WHERE pg_catalog.pg_type.typname = %(typname_1)s AND pg_catalog.pg_type_is_visible(pg_catalog.pg_type.oid) AND pg_catalog.pg_namespace.nspname != %(nspname_1)s
2025-10-28 21:58:43,041 INFO sqlalchemy.engine.Engine [cached since 0.07433s ago] {'typname_1': 'policystatus', 'nspname_1': 'pg_catalog'}
2025-10-28 21:58:43,080 INFO sqlalchemy.engine.Engine COMMIT
INFO:     Application startup complete.
WARNING:  WatchFiles detected changes in 'app/core/security.py'. Reloading...
INFO:     Shutting down
INFO:     Waiting for application shutdown.
INFO:     Application shutdown complete.
INFO:     Finished server process [75595]
✓ Database tables initialized
🚀 ConvoTravelInsure v1.0.0 started
INFO:     Started server process [75625]
INFO:     Waiting for application startup.
2025-10-28 21:58:51,878 INFO sqlalchemy.engine.Engine select pg_catalog.version()
2025-10-28 21:58:51,878 INFO sqlalchemy.engine.Engine [raw sql] {}
2025-10-28 21:58:51,959 INFO sqlalchemy.engine.Engine select current_schema()
2025-10-28 21:58:51,959 INFO sqlalchemy.engine.Engine [raw sql] {}
2025-10-28 21:58:52,038 INFO sqlalchemy.engine.Engine show standard_conforming_strings
2025-10-28 21:58:52,039 INFO sqlalchemy.engine.Engine [raw sql] {}
2025-10-28 21:58:52,118 INFO sqlalchemy.engine.Engine BEGIN (implicit)
2025-10-28 21:58:52,123 INFO sqlalchemy.engine.Engine SELECT pg_catalog.pg_class.relname 
FROM pg_catalog.pg_class JOIN pg_catalog.pg_namespace ON pg_catalog.pg_namespace.oid = pg_catalog.pg_class.relnamespace 
WHERE pg_catalog.pg_class.relname = %(table_name)s AND pg_catalog.pg_class.relkind = ANY (ARRAY[%(param_1)s, %(param_2)s, %(param_3)s, %(param_4)s, %(param_5)s]) AND pg_catalog.pg_table_is_visible(pg_catalog.pg_class.oid) AND pg_catalog.pg_namespace.nspname != %(nspname_1)s
2025-10-28 21:58:52,123 INFO sqlalchemy.engine.Engine [generated in 0.00020s] {'table_name': 'users', 'param_1': 'r', 'param_2': 'p', 'param_3': 'f', 'param_4': 'v', 'param_5': 'm', 'nspname_1': 'pg_catalog'}
2025-10-28 21:58:52,205 INFO sqlalchemy.engine.Engine SELECT pg_catalog.pg_class.relname 
FROM pg_catalog.pg_class JOIN pg_catalog.pg_namespace ON pg_catalog.pg_namespace.oid = pg_catalog.pg_class.relnamespace 
WHERE pg_catalog.pg_class.relname = %(table_name)s AND pg_catalog.pg_class.relkind = ANY (ARRAY[%(param_1)s, %(param_2)s, %(param_3)s, %(param_4)s, %(param_5)s]) AND pg_catalog.pg_table_is_visible(pg_catalog.pg_class.oid) AND pg_catalog.pg_namespace.nspname != %(nspname_1)s
2025-10-28 21:58:52,205 INFO sqlalchemy.engine.Engine [cached since 0.08241s ago] {'table_name': 'travelers', 'param_1': 'r', 'param_2': 'p', 'param_3': 'f', 'param_4': 'v', 'param_5': 'm', 'nspname_1': 'pg_catalog'}
2025-10-28 21:58:52,238 INFO sqlalchemy.engine.Engine SELECT pg_catalog.pg_class.relname 
FROM pg_catalog.pg_class JOIN pg_catalog.pg_namespace ON pg_catalog.pg_namespace.oid = pg_catalog.pg_class.relnamespace 
WHERE pg_catalog.pg_class.relname = %(table_name)s AND pg_catalog.pg_class.relkind = ANY (ARRAY[%(param_1)s, %(param_2)s, %(param_3)s, %(param_4)s, %(param_5)s]) AND pg_catalog.pg_table_is_visible(pg_catalog.pg_class.oid) AND pg_catalog.pg_namespace.nspname != %(nspname_1)s
2025-10-28 21:58:52,239 INFO sqlalchemy.engine.Engine [cached since 0.1161s ago] {'table_name': 'trips', 'param_1': 'r', 'param_2': 'p', 'param_3': 'f', 'param_4': 'v', 'param_5': 'm', 'nspname_1': 'pg_catalog'}
2025-10-28 21:58:52,278 INFO sqlalchemy.engine.Engine SELECT pg_catalog.pg_class.relname 
FROM pg_catalog.pg_class JOIN pg_catalog.pg_namespace ON pg_catalog.pg_namespace.oid = pg_catalog.pg_class.relnamespace 
WHERE pg_catalog.pg_class.relname = %(table_name)s AND pg_catalog.pg_class.relkind = ANY (ARRAY[%(param_1)s, %(param_2)s, %(param_3)s, %(param_4)s, %(param_5)s]) AND pg_catalog.pg_table_is_visible(pg_catalog.pg_class.oid) AND pg_catalog.pg_namespace.nspname != %(nspname_1)s
2025-10-28 21:58:52,279 INFO sqlalchemy.engine.Engine [cached since 0.1561s ago] {'table_name': 'quotes', 'param_1': 'r', 'param_2': 'p', 'param_3': 'f', 'param_4': 'v', 'param_5': 'm', 'nspname_1': 'pg_catalog'}
2025-10-28 21:58:52,319 INFO sqlalchemy.engine.Engine SELECT pg_catalog.pg_class.relname 
FROM pg_catalog.pg_class JOIN pg_catalog.pg_namespace ON pg_catalog.pg_namespace.oid = pg_catalog.pg_class.relnamespace 
WHERE pg_catalog.pg_class.relname = %(table_name)s AND pg_catalog.pg_class.relkind = ANY (ARRAY[%(param_1)s, %(param_2)s, %(param_3)s, %(param_4)s, %(param_5)s]) AND pg_catalog.pg_table_is_visible(pg_catalog.pg_class.oid) AND pg_catalog.pg_namespace.nspname != %(nspname_1)s
2025-10-28 21:58:52,319 INFO sqlalchemy.engine.Engine [cached since 0.1965s ago] {'table_name': 'policies', 'param_1': 'r', 'param_2': 'p', 'param_3': 'f', 'param_4': 'v', 'param_5': 'm', 'nspname_1': 'pg_catalog'}
2025-10-28 21:58:52,358 INFO sqlalchemy.engine.Engine SELECT pg_catalog.pg_class.relname 
FROM pg_catalog.pg_class JOIN pg_catalog.pg_namespace ON pg_catalog.pg_namespace.oid = pg_catalog.pg_class.relnamespace 
WHERE pg_catalog.pg_class.relname = %(table_name)s AND pg_catalog.pg_class.relkind = ANY (ARRAY[%(param_1)s, %(param_2)s, %(param_3)s, %(param_4)s, %(param_5)s]) AND pg_catalog.pg_table_is_visible(pg_catalog.pg_class.oid) AND pg_catalog.pg_namespace.nspname != %(nspname_1)s
2025-10-28 21:58:52,358 INFO sqlalchemy.engine.Engine [cached since 0.2359s ago] {'table_name': 'claims', 'param_1': 'r', 'param_2': 'p', 'param_3': 'f', 'param_4': 'v', 'param_5': 'm', 'nspname_1': 'pg_catalog'}
2025-10-28 21:58:52,398 INFO sqlalchemy.engine.Engine SELECT pg_catalog.pg_class.relname 
FROM pg_catalog.pg_class JOIN pg_catalog.pg_namespace ON pg_catalog.pg_namespace.oid = pg_catalog.pg_class.relnamespace 
WHERE pg_catalog.pg_class.relname = %(table_name)s AND pg_catalog.pg_class.relkind = ANY (ARRAY[%(param_1)s, %(param_2)s, %(param_3)s, %(param_4)s, %(param_5)s]) AND pg_catalog.pg_table_is_visible(pg_catalog.pg_class.oid) AND pg_catalog.pg_namespace.nspname != %(nspname_1)s
2025-10-28 21:58:52,399 INFO sqlalchemy.engine.Engine [cached since 0.2761s ago] {'table_name': 'chat_history', 'param_1': 'r', 'param_2': 'p', 'param_3': 'f', 'param_4': 'v', 'param_5': 'm', 'nspname_1': 'pg_catalog'}
2025-10-28 21:58:52,438 INFO sqlalchemy.engine.Engine SELECT pg_catalog.pg_class.relname 
FROM pg_catalog.pg_class JOIN pg_catalog.pg_namespace ON pg_catalog.pg_namespace.oid = pg_catalog.pg_class.relnamespace 
WHERE pg_catalog.pg_class.relname = %(table_name)s AND pg_catalog.pg_class.relkind = ANY (ARRAY[%(param_1)s, %(param_2)s, %(param_3)s, %(param_4)s, %(param_5)s]) AND pg_catalog.pg_table_is_visible(pg_catalog.pg_class.oid) AND pg_catalog.pg_namespace.nspname != %(nspname_1)s
2025-10-28 21:58:52,439 INFO sqlalchemy.engine.Engine [cached since 0.3162s ago] {'table_name': 'audit_log', 'param_1': 'r', 'param_2': 'p', 'param_3': 'f', 'param_4': 'v', 'param_5': 'm', 'nspname_1': 'pg_catalog'}
2025-10-28 21:58:52,484 INFO sqlalchemy.engine.Engine SELECT pg_catalog.pg_class.relname 
FROM pg_catalog.pg_class JOIN pg_catalog.pg_namespace ON pg_catalog.pg_namespace.oid = pg_catalog.pg_class.relnamespace 
WHERE pg_catalog.pg_class.relname = %(table_name)s AND pg_catalog.pg_class.relkind = ANY (ARRAY[%(param_1)s, %(param_2)s, %(param_3)s, %(param_4)s, %(param_5)s]) AND pg_catalog.pg_table_is_visible(pg_catalog.pg_class.oid) AND pg_catalog.pg_namespace.nspname != %(nspname_1)s
2025-10-28 21:58:52,484 INFO sqlalchemy.engine.Engine [cached since 0.3618s ago] {'table_name': 'rag_documents', 'param_1': 'r', 'param_2': 'p', 'param_3': 'f', 'param_4': 'v', 'param_5': 'm', 'nspname_1': 'pg_catalog'}
2025-10-28 21:58:52,521 INFO sqlalchemy.engine.Engine SELECT pg_catalog.pg_type.typname 
FROM pg_catalog.pg_type JOIN pg_catalog.pg_namespace ON pg_catalog.pg_namespace.oid = pg_catalog.pg_type.typnamespace 
WHERE pg_catalog.pg_type.typname = %(typname_1)s AND pg_catalog.pg_type_is_visible(pg_catalog.pg_type.oid) AND pg_catalog.pg_namespace.nspname != %(nspname_1)s
2025-10-28 21:58:52,521 INFO sqlalchemy.engine.Engine [generated in 0.00022s] {'typname_1': 'producttype', 'nspname_1': 'pg_catalog'}
2025-10-28 21:58:52,559 INFO sqlalchemy.engine.Engine SELECT pg_catalog.pg_type.typname 
FROM pg_catalog.pg_type JOIN pg_catalog.pg_namespace ON pg_catalog.pg_namespace.oid = pg_catalog.pg_type.typnamespace 
WHERE pg_catalog.pg_type.typname = %(typname_1)s AND pg_catalog.pg_type_is_visible(pg_catalog.pg_type.oid) AND pg_catalog.pg_namespace.nspname != %(nspname_1)s
2025-10-28 21:58:52,559 INFO sqlalchemy.engine.Engine [cached since 0.0379s ago] {'typname_1': 'quotestatus', 'nspname_1': 'pg_catalog'}
2025-10-28 21:58:52,587 INFO sqlalchemy.engine.Engine SELECT pg_catalog.pg_type.typname 
FROM pg_catalog.pg_type JOIN pg_catalog.pg_namespace ON pg_catalog.pg_namespace.oid = pg_catalog.pg_type.typnamespace 
WHERE pg_catalog.pg_type.typname = %(typname_1)s AND pg_catalog.pg_type_is_visible(pg_catalog.pg_type.oid) AND pg_catalog.pg_namespace.nspname != %(nspname_1)s
2025-10-28 21:58:52,587 INFO sqlalchemy.engine.Engine [cached since 0.06576s ago] {'typname_1': 'policystatus', 'nspname_1': 'pg_catalog'}
2025-10-28 21:58:52,620 INFO sqlalchemy.engine.Engine COMMIT
INFO:     Application startup complete.
WARNING:  WatchFiles detected changes in 'app/routers/auth.py'. Reloading...
INFO:     Shutting down
INFO:     Waiting for application shutdown.
INFO:     Application shutdown complete.
INFO:     Finished server process [75625]
✓ Database tables initialized
🚀 ConvoTravelInsure v1.0.0 started
INFO:     Started server process [75800]
INFO:     Waiting for application startup.
2025-10-28 21:59:24,239 INFO sqlalchemy.engine.Engine select pg_catalog.version()
2025-10-28 21:59:24,239 INFO sqlalchemy.engine.Engine [raw sql] {}
2025-10-28 21:59:24,319 INFO sqlalchemy.engine.Engine select current_schema()
2025-10-28 21:59:24,319 INFO sqlalchemy.engine.Engine [raw sql] {}
2025-10-28 21:59:24,398 INFO sqlalchemy.engine.Engine show standard_conforming_strings
2025-10-28 21:59:24,398 INFO sqlalchemy.engine.Engine [raw sql] {}
2025-10-28 21:59:24,478 INFO sqlalchemy.engine.Engine BEGIN (implicit)
2025-10-28 21:59:24,483 INFO sqlalchemy.engine.Engine SELECT pg_catalog.pg_class.relname 
FROM pg_catalog.pg_class JOIN pg_catalog.pg_namespace ON pg_catalog.pg_namespace.oid = pg_catalog.pg_class.relnamespace 
WHERE pg_catalog.pg_class.relname = %(table_name)s AND pg_catalog.pg_class.relkind = ANY (ARRAY[%(param_1)s, %(param_2)s, %(param_3)s, %(param_4)s, %(param_5)s]) AND pg_catalog.pg_table_is_visible(pg_catalog.pg_class.oid) AND pg_catalog.pg_namespace.nspname != %(nspname_1)s
2025-10-28 21:59:24,483 INFO sqlalchemy.engine.Engine [generated in 0.00022s] {'table_name': 'users', 'param_1': 'r', 'param_2': 'p', 'param_3': 'f', 'param_4': 'v', 'param_5': 'm', 'nspname_1': 'pg_catalog'}
2025-10-28 21:59:24,562 INFO sqlalchemy.engine.Engine SELECT pg_catalog.pg_class.relname 
FROM pg_catalog.pg_class JOIN pg_catalog.pg_namespace ON pg_catalog.pg_namespace.oid = pg_catalog.pg_class.relnamespace 
WHERE pg_catalog.pg_class.relname = %(table_name)s AND pg_catalog.pg_class.relkind = ANY (ARRAY[%(param_1)s, %(param_2)s, %(param_3)s, %(param_4)s, %(param_5)s]) AND pg_catalog.pg_table_is_visible(pg_catalog.pg_class.oid) AND pg_catalog.pg_namespace.nspname != %(nspname_1)s
2025-10-28 21:59:24,562 INFO sqlalchemy.engine.Engine [cached since 0.07974s ago] {'table_name': 'travelers', 'param_1': 'r', 'param_2': 'p', 'param_3': 'f', 'param_4': 'v', 'param_5': 'm', 'nspname_1': 'pg_catalog'}
2025-10-28 21:59:24,600 INFO sqlalchemy.engine.Engine SELECT pg_catalog.pg_class.relname 
FROM pg_catalog.pg_class JOIN pg_catalog.pg_namespace ON pg_catalog.pg_namespace.oid = pg_catalog.pg_class.relnamespace 
WHERE pg_catalog.pg_class.relname = %(table_name)s AND pg_catalog.pg_class.relkind = ANY (ARRAY[%(param_1)s, %(param_2)s, %(param_3)s, %(param_4)s, %(param_5)s]) AND pg_catalog.pg_table_is_visible(pg_catalog.pg_class.oid) AND pg_catalog.pg_namespace.nspname != %(nspname_1)s
2025-10-28 21:59:24,601 INFO sqlalchemy.engine.Engine [cached since 0.1181s ago] {'table_name': 'trips', 'param_1': 'r', 'param_2': 'p', 'param_3': 'f', 'param_4': 'v', 'param_5': 'm', 'nspname_1': 'pg_catalog'}
2025-10-28 21:59:24,641 INFO sqlalchemy.engine.Engine SELECT pg_catalog.pg_class.relname 
FROM pg_catalog.pg_class JOIN pg_catalog.pg_namespace ON pg_catalog.pg_namespace.oid = pg_catalog.pg_class.relnamespace 
WHERE pg_catalog.pg_class.relname = %(table_name)s AND pg_catalog.pg_class.relkind = ANY (ARRAY[%(param_1)s, %(param_2)s, %(param_3)s, %(param_4)s, %(param_5)s]) AND pg_catalog.pg_table_is_visible(pg_catalog.pg_class.oid) AND pg_catalog.pg_namespace.nspname != %(nspname_1)s
2025-10-28 21:59:24,641 INFO sqlalchemy.engine.Engine [cached since 0.1587s ago] {'table_name': 'quotes', 'param_1': 'r', 'param_2': 'p', 'param_3': 'f', 'param_4': 'v', 'param_5': 'm', 'nspname_1': 'pg_catalog'}
2025-10-28 21:59:24,680 INFO sqlalchemy.engine.Engine SELECT pg_catalog.pg_class.relname 
FROM pg_catalog.pg_class JOIN pg_catalog.pg_namespace ON pg_catalog.pg_namespace.oid = pg_catalog.pg_class.relnamespace 
WHERE pg_catalog.pg_class.relname = %(table_name)s AND pg_catalog.pg_class.relkind = ANY (ARRAY[%(param_1)s, %(param_2)s, %(param_3)s, %(param_4)s, %(param_5)s]) AND pg_catalog.pg_table_is_visible(pg_catalog.pg_class.oid) AND pg_catalog.pg_namespace.nspname != %(nspname_1)s
2025-10-28 21:59:24,680 INFO sqlalchemy.engine.Engine [cached since 0.198s ago] {'table_name': 'policies', 'param_1': 'r', 'param_2': 'p', 'param_3': 'f', 'param_4': 'v', 'param_5': 'm', 'nspname_1': 'pg_catalog'}
2025-10-28 21:59:24,721 INFO sqlalchemy.engine.Engine SELECT pg_catalog.pg_class.relname 
FROM pg_catalog.pg_class JOIN pg_catalog.pg_namespace ON pg_catalog.pg_namespace.oid = pg_catalog.pg_class.relnamespace 
WHERE pg_catalog.pg_class.relname = %(table_name)s AND pg_catalog.pg_class.relkind = ANY (ARRAY[%(param_1)s, %(param_2)s, %(param_3)s, %(param_4)s, %(param_5)s]) AND pg_catalog.pg_table_is_visible(pg_catalog.pg_class.oid) AND pg_catalog.pg_namespace.nspname != %(nspname_1)s
2025-10-28 21:59:24,721 INFO sqlalchemy.engine.Engine [cached since 0.2388s ago] {'table_name': 'claims', 'param_1': 'r', 'param_2': 'p', 'param_3': 'f', 'param_4': 'v', 'param_5': 'm', 'nspname_1': 'pg_catalog'}
2025-10-28 21:59:24,760 INFO sqlalchemy.engine.Engine SELECT pg_catalog.pg_class.relname 
FROM pg_catalog.pg_class JOIN pg_catalog.pg_namespace ON pg_catalog.pg_namespace.oid = pg_catalog.pg_class.relnamespace 
WHERE pg_catalog.pg_class.relname = %(table_name)s AND pg_catalog.pg_class.relkind = ANY (ARRAY[%(param_1)s, %(param_2)s, %(param_3)s, %(param_4)s, %(param_5)s]) AND pg_catalog.pg_table_is_visible(pg_catalog.pg_class.oid) AND pg_catalog.pg_namespace.nspname != %(nspname_1)s
2025-10-28 21:59:24,761 INFO sqlalchemy.engine.Engine [cached since 0.278s ago] {'table_name': 'chat_history', 'param_1': 'r', 'param_2': 'p', 'param_3': 'f', 'param_4': 'v', 'param_5': 'm', 'nspname_1': 'pg_catalog'}
2025-10-28 21:59:24,800 INFO sqlalchemy.engine.Engine SELECT pg_catalog.pg_class.relname 
FROM pg_catalog.pg_class JOIN pg_catalog.pg_namespace ON pg_catalog.pg_namespace.oid = pg_catalog.pg_class.relnamespace 
WHERE pg_catalog.pg_class.relname = %(table_name)s AND pg_catalog.pg_class.relkind = ANY (ARRAY[%(param_1)s, %(param_2)s, %(param_3)s, %(param_4)s, %(param_5)s]) AND pg_catalog.pg_table_is_visible(pg_catalog.pg_class.oid) AND pg_catalog.pg_namespace.nspname != %(nspname_1)s
2025-10-28 21:59:24,800 INFO sqlalchemy.engine.Engine [cached since 0.3179s ago] {'table_name': 'audit_log', 'param_1': 'r', 'param_2': 'p', 'param_3': 'f', 'param_4': 'v', 'param_5': 'm', 'nspname_1': 'pg_catalog'}
2025-10-28 21:59:24,840 INFO sqlalchemy.engine.Engine SELECT pg_catalog.pg_class.relname 
FROM pg_catalog.pg_class JOIN pg_catalog.pg_namespace ON pg_catalog.pg_namespace.oid = pg_catalog.pg_class.relnamespace 
WHERE pg_catalog.pg_class.relname = %(table_name)s AND pg_catalog.pg_class.relkind = ANY (ARRAY[%(param_1)s, %(param_2)s, %(param_3)s, %(param_4)s, %(param_5)s]) AND pg_catalog.pg_table_is_visible(pg_catalog.pg_class.oid) AND pg_catalog.pg_namespace.nspname != %(nspname_1)s
2025-10-28 21:59:24,841 INFO sqlalchemy.engine.Engine [cached since 0.358s ago] {'table_name': 'rag_documents', 'param_1': 'r', 'param_2': 'p', 'param_3': 'f', 'param_4': 'v', 'param_5': 'm', 'nspname_1': 'pg_catalog'}
2025-10-28 21:59:24,883 INFO sqlalchemy.engine.Engine SELECT pg_catalog.pg_type.typname 
FROM pg_catalog.pg_type JOIN pg_catalog.pg_namespace ON pg_catalog.pg_namespace.oid = pg_catalog.pg_type.typnamespace 
WHERE pg_catalog.pg_type.typname = %(typname_1)s AND pg_catalog.pg_type_is_visible(pg_catalog.pg_type.oid) AND pg_catalog.pg_namespace.nspname != %(nspname_1)s
2025-10-28 21:59:24,883 INFO sqlalchemy.engine.Engine [generated in 0.00025s] {'typname_1': 'producttype', 'nspname_1': 'pg_catalog'}
2025-10-28 21:59:24,926 INFO sqlalchemy.engine.Engine SELECT pg_catalog.pg_type.typname 
FROM pg_catalog.pg_type JOIN pg_catalog.pg_namespace ON pg_catalog.pg_namespace.oid = pg_catalog.pg_type.typnamespace 
WHERE pg_catalog.pg_type.typname = %(typname_1)s AND pg_catalog.pg_type_is_visible(pg_catalog.pg_type.oid) AND pg_catalog.pg_namespace.nspname != %(nspname_1)s
2025-10-28 21:59:24,926 INFO sqlalchemy.engine.Engine [cached since 0.04335s ago] {'typname_1': 'quotestatus', 'nspname_1': 'pg_catalog'}
2025-10-28 21:59:24,961 INFO sqlalchemy.engine.Engine SELECT pg_catalog.pg_type.typname 
FROM pg_catalog.pg_type JOIN pg_catalog.pg_namespace ON pg_catalog.pg_namespace.oid = pg_catalog.pg_type.typnamespace 
WHERE pg_catalog.pg_type.typname = %(typname_1)s AND pg_catalog.pg_type_is_visible(pg_catalog.pg_type.oid) AND pg_catalog.pg_namespace.nspname != %(nspname_1)s
2025-10-28 21:59:24,961 INFO sqlalchemy.engine.Engine [cached since 0.0783s ago] {'typname_1': 'policystatus', 'nspname_1': 'pg_catalog'}
2025-10-28 21:59:25,005 INFO sqlalchemy.engine.Engine COMMIT
INFO:     Application startup complete.
WARNING:  WatchFiles detected changes in 'app/routers/auth.py'. Reloading...
INFO:     Shutting down
INFO:     Waiting for application shutdown.
INFO:     Application shutdown complete.
INFO:     Finished server process [75800]
✓ Database tables initialized
🚀 ConvoTravelInsure v1.0.0 started
INFO:     Started server process [75828]
INFO:     Waiting for application startup.
2025-10-28 21:59:32,060 INFO sqlalchemy.engine.Engine select pg_catalog.version()
2025-10-28 21:59:32,060 INFO sqlalchemy.engine.Engine [raw sql] {}
2025-10-28 21:59:32,126 INFO sqlalchemy.engine.Engine select current_schema()
2025-10-28 21:59:32,126 INFO sqlalchemy.engine.Engine [raw sql] {}
2025-10-28 21:59:32,205 INFO sqlalchemy.engine.Engine show standard_conforming_strings
2025-10-28 21:59:32,205 INFO sqlalchemy.engine.Engine [raw sql] {}
2025-10-28 21:59:32,278 INFO sqlalchemy.engine.Engine BEGIN (implicit)
2025-10-28 21:59:32,282 INFO sqlalchemy.engine.Engine SELECT pg_catalog.pg_class.relname 
FROM pg_catalog.pg_class JOIN pg_catalog.pg_namespace ON pg_catalog.pg_namespace.oid = pg_catalog.pg_class.relnamespace 
WHERE pg_catalog.pg_class.relname = %(table_name)s AND pg_catalog.pg_class.relkind = ANY (ARRAY[%(param_1)s, %(param_2)s, %(param_3)s, %(param_4)s, %(param_5)s]) AND pg_catalog.pg_table_is_visible(pg_catalog.pg_class.oid) AND pg_catalog.pg_namespace.nspname != %(nspname_1)s
2025-10-28 21:59:32,282 INFO sqlalchemy.engine.Engine [generated in 0.00018s] {'table_name': 'users', 'param_1': 'r', 'param_2': 'p', 'param_3': 'f', 'param_4': 'v', 'param_5': 'm', 'nspname_1': 'pg_catalog'}
2025-10-28 21:59:32,361 INFO sqlalchemy.engine.Engine SELECT pg_catalog.pg_class.relname 
FROM pg_catalog.pg_class JOIN pg_catalog.pg_namespace ON pg_catalog.pg_namespace.oid = pg_catalog.pg_class.relnamespace 
WHERE pg_catalog.pg_class.relname = %(table_name)s AND pg_catalog.pg_class.relkind = ANY (ARRAY[%(param_1)s, %(param_2)s, %(param_3)s, %(param_4)s, %(param_5)s]) AND pg_catalog.pg_table_is_visible(pg_catalog.pg_class.oid) AND pg_catalog.pg_namespace.nspname != %(nspname_1)s
2025-10-28 21:59:32,361 INFO sqlalchemy.engine.Engine [cached since 0.07946s ago] {'table_name': 'travelers', 'param_1': 'r', 'param_2': 'p', 'param_3': 'f', 'param_4': 'v', 'param_5': 'm', 'nspname_1': 'pg_catalog'}
2025-10-28 21:59:32,401 INFO sqlalchemy.engine.Engine SELECT pg_catalog.pg_class.relname 
FROM pg_catalog.pg_class JOIN pg_catalog.pg_namespace ON pg_catalog.pg_namespace.oid = pg_catalog.pg_class.relnamespace 
WHERE pg_catalog.pg_class.relname = %(table_name)s AND pg_catalog.pg_class.relkind = ANY (ARRAY[%(param_1)s, %(param_2)s, %(param_3)s, %(param_4)s, %(param_5)s]) AND pg_catalog.pg_table_is_visible(pg_catalog.pg_class.oid) AND pg_catalog.pg_namespace.nspname != %(nspname_1)s
2025-10-28 21:59:32,401 INFO sqlalchemy.engine.Engine [cached since 0.1196s ago] {'table_name': 'trips', 'param_1': 'r', 'param_2': 'p', 'param_3': 'f', 'param_4': 'v', 'param_5': 'm', 'nspname_1': 'pg_catalog'}
2025-10-28 21:59:32,440 INFO sqlalchemy.engine.Engine SELECT pg_catalog.pg_class.relname 
FROM pg_catalog.pg_class JOIN pg_catalog.pg_namespace ON pg_catalog.pg_namespace.oid = pg_catalog.pg_class.relnamespace 
WHERE pg_catalog.pg_class.relname = %(table_name)s AND pg_catalog.pg_class.relkind = ANY (ARRAY[%(param_1)s, %(param_2)s, %(param_3)s, %(param_4)s, %(param_5)s]) AND pg_catalog.pg_table_is_visible(pg_catalog.pg_class.oid) AND pg_catalog.pg_namespace.nspname != %(nspname_1)s
2025-10-28 21:59:32,441 INFO sqlalchemy.engine.Engine [cached since 0.159s ago] {'table_name': 'quotes', 'param_1': 'r', 'param_2': 'p', 'param_3': 'f', 'param_4': 'v', 'param_5': 'm', 'nspname_1': 'pg_catalog'}
2025-10-28 21:59:32,480 INFO sqlalchemy.engine.Engine SELECT pg_catalog.pg_class.relname 
FROM pg_catalog.pg_class JOIN pg_catalog.pg_namespace ON pg_catalog.pg_namespace.oid = pg_catalog.pg_class.relnamespace 
WHERE pg_catalog.pg_class.relname = %(table_name)s AND pg_catalog.pg_class.relkind = ANY (ARRAY[%(param_1)s, %(param_2)s, %(param_3)s, %(param_4)s, %(param_5)s]) AND pg_catalog.pg_table_is_visible(pg_catalog.pg_class.oid) AND pg_catalog.pg_namespace.nspname != %(nspname_1)s
2025-10-28 21:59:32,481 INFO sqlalchemy.engine.Engine [cached since 0.1991s ago] {'table_name': 'policies', 'param_1': 'r', 'param_2': 'p', 'param_3': 'f', 'param_4': 'v', 'param_5': 'm', 'nspname_1': 'pg_catalog'}
2025-10-28 21:59:32,520 INFO sqlalchemy.engine.Engine SELECT pg_catalog.pg_class.relname 
FROM pg_catalog.pg_class JOIN pg_catalog.pg_namespace ON pg_catalog.pg_namespace.oid = pg_catalog.pg_class.relnamespace 
WHERE pg_catalog.pg_class.relname = %(table_name)s AND pg_catalog.pg_class.relkind = ANY (ARRAY[%(param_1)s, %(param_2)s, %(param_3)s, %(param_4)s, %(param_5)s]) AND pg_catalog.pg_table_is_visible(pg_catalog.pg_class.oid) AND pg_catalog.pg_namespace.nspname != %(nspname_1)s
2025-10-28 21:59:32,521 INFO sqlalchemy.engine.Engine [cached since 0.2391s ago] {'table_name': 'claims', 'param_1': 'r', 'param_2': 'p', 'param_3': 'f', 'param_4': 'v', 'param_5': 'm', 'nspname_1': 'pg_catalog'}
2025-10-28 21:59:32,560 INFO sqlalchemy.engine.Engine SELECT pg_catalog.pg_class.relname 
FROM pg_catalog.pg_class JOIN pg_catalog.pg_namespace ON pg_catalog.pg_namespace.oid = pg_catalog.pg_class.relnamespace 
WHERE pg_catalog.pg_class.relname = %(table_name)s AND pg_catalog.pg_class.relkind = ANY (ARRAY[%(param_1)s, %(param_2)s, %(param_3)s, %(param_4)s, %(param_5)s]) AND pg_catalog.pg_table_is_visible(pg_catalog.pg_class.oid) AND pg_catalog.pg_namespace.nspname != %(nspname_1)s
2025-10-28 21:59:32,560 INFO sqlalchemy.engine.Engine [cached since 0.2788s ago] {'table_name': 'chat_history', 'param_1': 'r', 'param_2': 'p', 'param_3': 'f', 'param_4': 'v', 'param_5': 'm', 'nspname_1': 'pg_catalog'}
2025-10-28 21:59:32,601 INFO sqlalchemy.engine.Engine SELECT pg_catalog.pg_class.relname 
FROM pg_catalog.pg_class JOIN pg_catalog.pg_namespace ON pg_catalog.pg_namespace.oid = pg_catalog.pg_class.relnamespace 
WHERE pg_catalog.pg_class.relname = %(table_name)s AND pg_catalog.pg_class.relkind = ANY (ARRAY[%(param_1)s, %(param_2)s, %(param_3)s, %(param_4)s, %(param_5)s]) AND pg_catalog.pg_table_is_visible(pg_catalog.pg_class.oid) AND pg_catalog.pg_namespace.nspname != %(nspname_1)s
2025-10-28 21:59:32,601 INFO sqlalchemy.engine.Engine [cached since 0.3196s ago] {'table_name': 'audit_log', 'param_1': 'r', 'param_2': 'p', 'param_3': 'f', 'param_4': 'v', 'param_5': 'm', 'nspname_1': 'pg_catalog'}
2025-10-28 21:59:32,680 INFO sqlalchemy.engine.Engine SELECT pg_catalog.pg_class.relname 
FROM pg_catalog.pg_class JOIN pg_catalog.pg_namespace ON pg_catalog.pg_namespace.oid = pg_catalog.pg_class.relnamespace 
WHERE pg_catalog.pg_class.relname = %(table_name)s AND pg_catalog.pg_class.relkind = ANY (ARRAY[%(param_1)s, %(param_2)s, %(param_3)s, %(param_4)s, %(param_5)s]) AND pg_catalog.pg_table_is_visible(pg_catalog.pg_class.oid) AND pg_catalog.pg_namespace.nspname != %(nspname_1)s
2025-10-28 21:59:32,681 INFO sqlalchemy.engine.Engine [cached since 0.399s ago] {'table_name': 'rag_documents', 'param_1': 'r', 'param_2': 'p', 'param_3': 'f', 'param_4': 'v', 'param_5': 'm', 'nspname_1': 'pg_catalog'}
2025-10-28 21:59:32,722 INFO sqlalchemy.engine.Engine SELECT pg_catalog.pg_type.typname 
FROM pg_catalog.pg_type JOIN pg_catalog.pg_namespace ON pg_catalog.pg_namespace.oid = pg_catalog.pg_type.typnamespace 
WHERE pg_catalog.pg_type.typname = %(typname_1)s AND pg_catalog.pg_type_is_visible(pg_catalog.pg_type.oid) AND pg_catalog.pg_namespace.nspname != %(nspname_1)s
2025-10-28 21:59:32,722 INFO sqlalchemy.engine.Engine [generated in 0.00023s] {'typname_1': 'producttype', 'nspname_1': 'pg_catalog'}
2025-10-28 21:59:32,767 INFO sqlalchemy.engine.Engine SELECT pg_catalog.pg_type.typname 
FROM pg_catalog.pg_type JOIN pg_catalog.pg_namespace ON pg_catalog.pg_namespace.oid = pg_catalog.pg_type.typnamespace 
WHERE pg_catalog.pg_type.typname = %(typname_1)s AND pg_catalog.pg_type_is_visible(pg_catalog.pg_type.oid) AND pg_catalog.pg_namespace.nspname != %(nspname_1)s
2025-10-28 21:59:32,767 INFO sqlalchemy.engine.Engine [cached since 0.04558s ago] {'typname_1': 'quotestatus', 'nspname_1': 'pg_catalog'}
2025-10-28 21:59:32,801 INFO sqlalchemy.engine.Engine SELECT pg_catalog.pg_type.typname 
FROM pg_catalog.pg_type JOIN pg_catalog.pg_namespace ON pg_catalog.pg_namespace.oid = pg_catalog.pg_type.typnamespace 
WHERE pg_catalog.pg_type.typname = %(typname_1)s AND pg_catalog.pg_type_is_visible(pg_catalog.pg_type.oid) AND pg_catalog.pg_namespace.nspname != %(nspname_1)s
2025-10-28 21:59:32,801 INFO sqlalchemy.engine.Engine [cached since 0.07921s ago] {'typname_1': 'policystatus', 'nspname_1': 'pg_catalog'}
2025-10-28 21:59:32,840 INFO sqlalchemy.engine.Engine COMMIT
INFO:     Application startup complete.
✓ Database tables initialized
🚀 ConvoTravelInsure v1.0.0 started
INFO:     127.0.0.1:53042 - "OPTIONS /api/v1/auth/login HTTP/1.1" 200 OK
2025-10-28 22:01:48,140 INFO sqlalchemy.engine.Engine BEGIN (implicit)
2025-10-28 22:01:48,143 INFO sqlalchemy.engine.Engine SELECT users.id AS users_id, users.email AS users_email, users.name AS users_name, users.hashed_password AS users_hashed_password, users.is_active AS users_is_active, users.is_verified AS users_is_verified, users.created_at AS users_created_at, users.updated_at AS users_updated_at, users.date_of_birth AS users_date_of_birth, users.phone_number AS users_phone_number, users.nationality AS users_nationality, users.passport_number AS users_passport_number, users.country_of_residence AS users_country_of_residence, users.state_province AS users_state_province, users.city AS users_city, users.postal_code AS users_postal_code, users.emergency_contact_name AS users_emergency_contact_name, users.emergency_contact_phone AS users_emergency_contact_phone, users.emergency_contact_relationship AS users_emergency_contact_relationship, users.has_pre_existing_conditions AS users_has_pre_existing_conditions, users.is_frequent_traveler AS users_is_frequent_traveler, users.preferred_coverage_type AS users_preferred_coverage_type, users.is_onboarded AS users_is_onboarded, users.onboarded_at AS users_onboarded_at 
FROM users 
WHERE users.email = %(email_1)s 
 LIMIT %(param_1)s
2025-10-28 22:01:48,143 INFO sqlalchemy.engine.Engine [generated in 0.00017s] {'email_1': 'winstony29@gmail.com', 'param_1': 1}
INFO:     127.0.0.1:53042 - "POST /api/v1/auth/login HTTP/1.1" 200 OK
2025-10-28 22:01:48,502 INFO sqlalchemy.engine.Engine ROLLBACK
INFO:     127.0.0.1:53042 - "OPTIONS /api/v1/auth/me HTTP/1.1" 200 OK
2025-10-28 22:01:48,928 INFO sqlalchemy.engine.Engine BEGIN (implicit)
2025-10-28 22:01:48,929 INFO sqlalchemy.engine.Engine SELECT users.id AS users_id, users.email AS users_email, users.name AS users_name, users.hashed_password AS users_hashed_password, users.is_active AS users_is_active, users.is_verified AS users_is_verified, users.created_at AS users_created_at, users.updated_at AS users_updated_at, users.date_of_birth AS users_date_of_birth, users.phone_number AS users_phone_number, users.nationality AS users_nationality, users.passport_number AS users_passport_number, users.country_of_residence AS users_country_of_residence, users.state_province AS users_state_province, users.city AS users_city, users.postal_code AS users_postal_code, users.emergency_contact_name AS users_emergency_contact_name, users.emergency_contact_phone AS users_emergency_contact_phone, users.emergency_contact_relationship AS users_emergency_contact_relationship, users.has_pre_existing_conditions AS users_has_pre_existing_conditions, users.is_frequent_traveler AS users_is_frequent_traveler, users.preferred_coverage_type AS users_preferred_coverage_type, users.is_onboarded AS users_is_onboarded, users.onboarded_at AS users_onboarded_at 
FROM users 
WHERE users.id = %(id_1)s::UUID 
 LIMIT %(param_1)s
2025-10-28 22:01:48,929 INFO sqlalchemy.engine.Engine [generated in 0.00014s] {'id_1': '47ded42d-94fc-4e17-b37b-81fd74353997', 'param_1': 1}
INFO:     127.0.0.1:53044 - "GET /api/v1/auth/me HTTP/1.1" 200 OK
2025-10-28 22:01:48,995 INFO sqlalchemy.engine.Engine ROLLBACK
INFO:     127.0.0.1:52837 - "OPTIONS /api/v1/auth/me HTTP/1.1" 200 OK
INFO:     127.0.0.1:52837 - "GET /api/v1/auth/me HTTP/1.1" 401 Unauthorized
INFO:     127.0.0.1:53858 - "OPTIONS /api/v1/auth/login HTTP/1.1" 200 OK
2025-10-29 11:12:44,837 INFO sqlalchemy.engine.Engine BEGIN (implicit)
2025-10-29 11:12:44,839 INFO sqlalchemy.engine.Engine SELECT users.id AS users_id, users.email AS users_email, users.name AS users_name, users.hashed_password AS users_hashed_password, users.is_active AS users_is_active, users.is_verified AS users_is_verified, users.created_at AS users_created_at, users.updated_at AS users_updated_at, users.date_of_birth AS users_date_of_birth, users.phone_number AS users_phone_number, users.nationality AS users_nationality, users.passport_number AS users_passport_number, users.country_of_residence AS users_country_of_residence, users.state_province AS users_state_province, users.city AS users_city, users.postal_code AS users_postal_code, users.emergency_contact_name AS users_emergency_contact_name, users.emergency_contact_phone AS users_emergency_contact_phone, users.emergency_contact_relationship AS users_emergency_contact_relationship, users.has_pre_existing_conditions AS users_has_pre_existing_conditions, users.is_frequent_traveler AS users_is_frequent_traveler, users.preferred_coverage_type AS users_preferred_coverage_type, users.is_onboarded AS users_is_onboarded, users.onboarded_at AS users_onboarded_at 
FROM users 
WHERE users.email = %(email_1)s 
 LIMIT %(param_1)s
2025-10-29 11:12:44,839 INFO sqlalchemy.engine.Engine [cached since 1.475e+04s ago] {'email_1': 'winstony29@gmail.com', 'param_1': 1}
INFO:     127.0.0.1:53858 - "POST /api/v1/auth/login HTTP/1.1" 200 OK
2025-10-29 11:12:45,089 INFO sqlalchemy.engine.Engine ROLLBACK
2025-10-29 11:12:45,146 INFO sqlalchemy.engine.Engine BEGIN (implicit)
2025-10-29 11:12:45,146 INFO sqlalchemy.engine.Engine SELECT users.id AS users_id, users.email AS users_email, users.name AS users_name, users.hashed_password AS users_hashed_password, users.is_active AS users_is_active, users.is_verified AS users_is_verified, users.created_at AS users_created_at, users.updated_at AS users_updated_at, users.date_of_birth AS users_date_of_birth, users.phone_number AS users_phone_number, users.nationality AS users_nationality, users.passport_number AS users_passport_number, users.country_of_residence AS users_country_of_residence, users.state_province AS users_state_province, users.city AS users_city, users.postal_code AS users_postal_code, users.emergency_contact_name AS users_emergency_contact_name, users.emergency_contact_phone AS users_emergency_contact_phone, users.emergency_contact_relationship AS users_emergency_contact_relationship, users.has_pre_existing_conditions AS users_has_pre_existing_conditions, users.is_frequent_traveler AS users_is_frequent_traveler, users.preferred_coverage_type AS users_preferred_coverage_type, users.is_onboarded AS users_is_onboarded, users.onboarded_at AS users_onboarded_at 
FROM users 
WHERE users.id = %(id_1)s::UUID 
 LIMIT %(param_1)s
2025-10-29 11:12:45,146 INFO sqlalchemy.engine.Engine [cached since 1.474e+04s ago] {'id_1': '47ded42d-94fc-4e17-b37b-81fd74353997', 'param_1': 1}
INFO:     127.0.0.1:53858 - "GET /api/v1/auth/me HTTP/1.1" 200 OK
2025-10-29 11:12:45,170 INFO sqlalchemy.engine.Engine ROLLBACK
